qtW1Y/3T34ceylA/+TXtuq/8FbzWo/j6zH2Pj6eOqW5AhJyV/IhNZi6ukVVxJkjgF/FpEJXS8ws0XTQwL/Hbjdg9dohwDAUISESFLTpq1IxOqskVRB+I4ZTd/5A6KGhfAY6lBOAgrFZBptchK2M/bhvNvogj1l9BWQu9JY9YX8h5auACSuqs7td0bblQGEsgqWJM+IWqs/8=
Lb43Gl4lCQ5cR+CJpfUJL72y1lH46gkfrDZLDjd6c/aEgqInAN/SppUd+9Nm9QFwpl1qC/HnF+T+uccxTpocKuXifBrNb+acZNYqBFHnyJkIawAjVzJGfrilxcDdVszGjHw1uN8jN1VPdD8jZrpvkJ+LjbXVRzPOz3L95FiQpkzMhGOqpXsMbnv6TUxUiomss/U=
+uzlxzTT8cQG4X+x8lY/Cinzkt6Wk704O8w9G18ZXOK10R3fqaGxgUdCBeEmGhmz2EmOifjT1YN5qmdI03LpgXUrf6StAj9zUMv64jWZU4dz5EvUJvkiH+Gzv2Be/e8lHs6UjqXGdE6d+07YRNICUMFzgL0IT0i3x2ZuepjhbVSNAsTizNi97I83HxHv8Jd3dq4nNB8vxaHFE5tKbzbV8AjELuiMoGv+9e+kKlv+ZRjEHsGIs9E=
FYbICRZjF3kFywOMso9nH7axfxARuICV/8eGoiA0wixFrUyxnCNE1osG5Ph8dWqZdxYYfW4y31rhFQtePdkS+J98J8ArfbK+wsiy8vTznygNMCRfP0Hzaq3cNfd/K/4JdjdlNSxqT3mr//LfghGK/R1nE4d75BUgx3wtAc3xxtKto8tnIzifv7ez7A==
trOD6KHH5ZRKSQGk2DCp+inCFBB7dCZI+i8CPBRf2Yb8bSRBAxq220QkxiSpjWD52JrhLheGeIDYxa5RWzZ0dWoiO4LdVXcGmUmWcDMcS4jvjVaG3siuyhADW2BhUIjXu9FXMtGcCS+bO/oBGhdJ/eja6wE3f24nJqHOtTFH/49/9HF4+7zR2WlhQloBQyevZ0j7h6uz8A==
xYCVKKJnQoRLIsiQTdSUQynCFBB7dCZI+i8CPBRf2Yb8fCxPBRW3iUQkxiSpjWD52JvhLheGeIDYxa5RWzZ0dWoiO4LdVXcGmUmWcDMcS4jvjVaG3siuyhADW2BhUIjXu9FXMtGcCS+bO/oBGhdJ/eja6wE3f24nJqHOtTFH/49/9HF4+7zR2WlhQloBQyevZ0j7h6uz8A==
BxAJmAOb7UT4IgCamA0dvoekoOOmJ1F8PPiwvZ55aBMndvyijTLQaEd0GjA6z6jymLuezJlsbRCLlL8RwLSibGWtbPE8qKWW6wYEOBz1yllXFji9jrK/GgEVKx6dWbK4/3zHAEv9En7iyJIyVHP/6O0wRB+fwVMqjdzVtx+rHslWN0X1jOovuUv/kp9ikSq9PWczxxtk9eCnfA3BbXFmEk2jqyfDuD//l7PM
+uZTP1/91NFv/7YJsjI55wygzqn7p8p1qYmg+9pZIiHxl/7ExJIb09BrusI1+RNn9YSI9CbZ4n9hU/8AXt2vhZ5u1G6lprTuHVuO+EQywjBBk8CdCG8IV0cGrpqYwa30DaIEgsw4/UwPl18x75DXl/bO5xQfDwXBRfPbKm8WlVCIZG4IjMCrXnVPZApbHqV4RP6BqLPx
1SkJGW6zOgvT19+68u9pUharMBbY6m8Qfz0qUO0C8AEOO/8+ZD1TYt7fr/Hw9BKM1S38EWzudbabBvQYTDUaOceWiN0+co96ERU7Pm2ZwhgP/Fegm71CntLIotIEMy9IfbC0v+8Bowqd3MXXL2uuqea31ZVcKn+Zu//iv7LRel2t54MnqyTFALd8HeEdMZayPSM7h5N475+ns/w=
z2HwprbT20kVP0rHAKFRzfLvH6zKq/up1n+Rn7TJtU1AiZz6muYkfCe5iF1OEGWHX707Qsy25hc+NRkFK/Lug8M/dohwDAUISESFLTpq1IxOqskVRB+I4ZTd/5A6KGhfAY6lBOAgrFZBptchK2M/bhvNvogj1l9BWQu9JY9YX8h5auACSuqs7td0bblQGEsgqWJM+IWqs/8=
rTD0GYQzrhpEyRtz0V+danc9IkCFIijRNnunjoOXtUATFCdBmJSqfA1thEG0DF2mkwb8CGRVQuk/VtCthpJnypmVs87FObqo1zxv8MOdqo7ayKrC7BN3GEVwbA+XoQv6FVxNZ8eLFtm+dy1FBEpXibP/6q+aMaIN1adb1xNErbA//JWRtZFuAmVjA1dLWIePr7P0
f6HtwWfpCcu140ElihlkpoO3Yk0/pG9PWjFDCQNYCntwg2p6dYFDTxRtuOwmwdKXgXuveB5lf20+xqT2JT5ERr0z3kCEyhIYIfvwhQh3OD8nLn5iWHn9nK0K9BpMoI3kr3+Pia/oh78WJtcMHxc1KaXbi1IvrkW4KMwekAxYW/bVJzSym+Z1UCSWsbCz6Q==
DCA2KOnF6OhZMDvxlguk8wChwqTi5oM9tp759pYGfXPzjr/ExJIb09BrusI1+RNn8oWI9CbZ4n9hU/8AXt2vhZ5u1G6lprTuHVuO+EQywjBBk8CdCG8IV0cGrpqYwa30DaIEgsw4/UwPl18x75DXl/bO5xQfDwXBRfPbKm8WlVCIZG4IjMCrXnVPZApbHqV4RP6BqLPx
niJ5U/EnpXHTgjMkUmyVlfy7sgI7od7HAB1ymNU7YdR/b4GbtPkmlCmuB2EYVtqUvvUllEzeA0CxpBkIFXPToCSf5qYfZ5M9nXNjy1br6uz9UHLTQEJg+V/8+aIXI4NyAbeHqGE37CqHriW3g6VYKbZ8hSN3gYiX1Xpm0zbpiTETXk7nK0OGnKiAxQwA2NXZQoa0qOYW+UHcU4ilHIHvJIIESLtpctWQuCzs0om6B1XTD9/KM/EOXDsa34VR1y0Rt/T/rJEWEBaSZmzqn+g9TSj0KwQB3nysHeazuw==
rR95/BQ3dKPl19fRyxK8gbF9NAdF+y/5igwnPLJNJGEEeFx13aKLIg7qLyHGmMHlR1V4DWhU+tyd7TQhBMKMh+MGDCg0FfIJj9ZADVbSF+qJlaOu9flqyEe8n1Cz3Xpu6siaIjxTB7i18PxvR2E7mgVcXUe3y8Z5LvedpbQKB6lD/5qPSvESbWUny3dDhF2QL/yFcYXRPuL143P3u5jX75+zxA==
A5dPGvLQe5xt2q32d6Q5yRo2hOd1PXDPeYsDIe4swwTeXThpAHhYfcGy5xrqykv56uj9LQMVvMUU5BaEOQ2QWahSEA9nhoigqIVe8Su25NU6YuuizVVn5skJRpCjnPtoX81mZu7IniogQ+uA0dAYN2uRB9LBnBkPS3uqoYqXOV0Ympshx38eB9ZhvhXBx28vrzQhWOu8wbm5oRI6kcOXz9eIy+ebs8A=
bffIcRoPh2Frs4LLl5cX0aXjqREbxK3vQQQHmKtXpESCW9m764H41+NMDmyAYzL8b39cjr+SZQMriUjtLqDlNz8N9nOthuYnXgXZtUtCbjOjj7a4EDwFOCh0RZ1a2lQ8LhoJJSQviNH07T8gWpjo72E+ZTSAEKxmIZYXkUvTv957fX64Q+ZfcTk7fZXv6N94GdogMirarN63RK0JMKjLkMnSjMjlmrPP
fD04SohbCybGFx9FZ7D2Xs/OeQZgtFvdXtOXs209wFzNGNBlNnUOeFZhz4rpBuS6ZeWE0BMxLfWSmfrceFgXfV6F5mreUylGxvxmPRAt5cZKCVTaBf5jtcl6J7EoDA3sdfTRdej6YEgQtq77ZRxfoLarBSnpTm98t1Olw8R9JOf3gVYiVX2Jv1BbGFnwyQ+3QfPBDM8ExVzvpVeZfCa/s5nT2bDF+5Wzzg==
0LEPYD+PyFjr4UZqTGlITzO/5hknptal+6vScZtzqoO3fOSfwd3vXEoLMZ9gh2JuVVWLi08KEXimVXrz0b9nrD5xd2kuIoyiZWrsoi23VtQkHtrccZ/YkQhjEFt36ra2+O11GD3uXE4M9KUAv3uHnY88T3tGQn+Yn4OdTfUfQ4YPuk28OCg2xEwM8xJFo7wmOzK9lHTymaSz/Q==
hz1imghzdORUShyIIvoqUgtbOWN2Js04EtohV5TiooUHL3AgRAl+TJwQW11SjYJTHeRVxjpEIg30JenmhsEwSoFmP/UVYiOhDMRBjPl8dQUsAlxILE5qi8GU08D6YyE57VazPOvLIVOgtejH+4myEhHFdT8s49xplMEDlw27JZxLnBmcs71TiVhuc1MVW31AgYOps/I=
ZeOs1JK/oe8uwj/XnVQssxlqeBVnbf20/bVaXJgYd32+RUbgeZzJRqa8xr2wbYXGqsk0WqU+Q7WpuscxiEwt7FW0sfUIOkBIMHZOewVcf6CW66WpCY4PfJeTBUOkvcTnl8H2ovU96b+wm7jZUAnvtyGzIYxvROVcD+U3Gdzmn7O5Ezkwpbu1s+4=
tIT2fe+GR5BuXoG7vCMJbODDiPn1niRsB+nIDe6A5Rf/7X0U4qbmBx5lWVWLYm4TY2822FAcBRhoFMV9mvpUHO76iUVkD4jxtI2/wJq46M+h3uVUwDCsRmH2l3GL87/+u53+2APGX1F5W/11L8jfWNk6oFJq+qz+9yQt6fCIy7AJMgyopbqz7w==
I86A+G7nK08Kg/DGUH7mSxtqeARle/m0/bVaXJgYd32+RUbmeZzJRqa8xr2wbYXGqsk0WqU+Q7WpuscxiEwt7FW0sfUIOkBIMHZOewVcf6CW66WpCY4PfJeTBUOkvcTnl8H2ovU96b+wm7jZUAnvtyGzIYxvROVcD+U3Gdzmn7O5Ezkwpbu1s+4=
9Gklnm86IQh2BeOOrPT5/ODDju/pgyRsB+nIDe6A5Rf/7XsU4qbmBx5lWVWLYm4TY2822FAcBRhoFMV9mvpUHO76iUVkD4jxtI2/wJq46M+h3uVUwDCsRmH2l3GL87/+u53+2APGX1F5W/11L8jfWNk6oFJq+qz+9yQt6fCIy7AJMgyopbqz7w==
1mJ9idyk2h7bQYQRTpPlH+DDj/n7hiRsB+nIDe6A5Rf/7XgU4qbmBx5lWVWLYm4TY2822FAcBRhoFMV9mvpUHO76iUVkD4jxtI2/wJq46M+h3uVUwDCsRmH2l3GL87/+u53+2APGX1F5W/11L8jfWNk6oFJq+qz+9yQt6fCIy7AJMgyopbqz7w==
fpn9ozPsjTadLIjxim4NmGzmtQotuNGg7eKcdYd17IW3crTM19X0T0sME59gh2JuVVWLi04LH3imVXrz0b9nrD5xd2kuIoyiZWrsoi23VtQkHtrccZ/YkQhjEFt36ra2+O11GD3uXE4M9KUAv3uHnY88T3tGQn+Yn4OdTfUfQ4YPuk28OCk2xEwM8xJFo7wmOzK9lHTymaSz/Q==
21k+gf2neVJcbrlJIfK+DR5vArrC0jywdsURdoJWjCDs3rSV59TxcDlP1zhf78xkOmWK5oU2SKOQuxpStWnzN7K2Z8Qm6QJPIQMfkN5ND1XeHvSepdaUHt0LLmjEoqLggaOgrQhfaGeH1s4KGFENpM1SJPLMyN08T0f/oW8AN8e2/gckHz/l8QWjO7rvhjWAyBVO+Iywi661H8Sa247FqITO4ZizwQ==
+UeORrxtE9uX2AzauZIOvRggF7GcVH2VyNGBtBZjSRH4dv6oiTSZ9SVBSmLIapiF9MaYqihEGHr1SgvB5EV2DvbXZN2Epmkz8wRxOfgVkzuVUYrVVnLTx8tXHFPOetxK5QI8ek2Ppvxk9mqk0UeIuQhLQIPXkgZeuMWFIF02jCaMHPVYX0P3tU9U/4PmGq+wn6tNFVXn8+7Pkj2E2HFmLMxkI8olm0wOe9oN7NQqyYyz1Q==
+UeORrxtE9uX2AzauZIOvRggF7GcVH2VyNGBtBZjSRH4dv6oiTSZ9SVBSmLIapiF9MaYqihEGHr1SgvB5EV2DvbXZN2Epmkz8wRxOfgVkzuVUYrVVnLTx8tXHFPOetxK5QI8ek2Ppvxk9mqk0UeIuQhLQIPXkgZeuMWFIF02jCaMHPVYX0P3tU9U/4PmGq+wn6tNFVXn8+7Pkj2E2HFmLMxkI8olm0wOe9oN7NQqyYyz1Q==
IuTR796xDcC7oZga6DWOnH2EOdGJAS6126DprYFuhTKf64984fmt5xZjKlFvaFWGP7SCEOTbjNJTOmaTtqmJcZMeTierg4ZcKEDFzIAY1RnCRrToZlb5AVwTiOWcwe9kAkRIe+my1VA47OwSCXoHlVPP34qzsQ4cu1rfxdGXLVE3tP9sEdYQ3BWmbCofKD2NqDQrRIGefOydprP7
2Mf+o5lneTCaSjp6or40RzI1PeJlUzhrKAvxEUMhACfhg15RTkAw+qTVJxFH8Y/6XTYHoKt12Ua23JZ9YI0VRtqphJpV3nO12Zr38XjsnWzFFGE12BpQSCBWnrvV/O8gJktVaTmuf3ync/WDFN20ZwchJmKlXfm/oHtomQBpfzfRU5HMFSPVXP/FB1msRi8zKbNpcPWbpbP+
Y9soCa9UWQXoItP8wWfvr19SeMo5/XvJ/fhQFJz1aTc10M4eXaEUGQcsP3ShjnBFJX7s8i+wXdUYLOvcscYc9C1+syM=
HsWyhE5u2jHgLv/bJy2V5Ll5OA9Az3zjhDFoLKgER2NXQmBb7LeYMA2vaT7Q24vlT0FzLgUNqvqpwC5YcZ3W2b8GFTl5CMcNjONOFlTSF+qJlaOu9flqyEe8n1Cz3Xpu6siaIjxTB7i18PxvR2E7mgVcXUe3y8Z5LvedpbQKB6lD/5qPSvESbWUny3dDhFaXL/yFcYXRPuL143P3u5jX75+zxA==
wZUVO4BdElzval4c1QA4zjrcV/FS+HrkQq1lTbrYc/5T1ntu2qzHHlNBcMmUA0gdyWT5V6jtvHSmlPflCGco28qdEa6g5++nZthnWf3KGQTHx1XSAY3U4yiBwonX6fPktJTaJjr9dXh+yechDir8euUyHKoNf8Zs5GbKFBEXaMkIO6DTFyKmzjhV5dAd5qwWjCzVCJ8zFyXPxF8zpsrPQJ9bLcUVV1N+TwLd9BgrQRzMVAMaZWssnvtKrVwUein8s6U=
OOvu0U0XipquT7hPe2GrskVxiNgxYBbZFUH3u5ySlvhZfV2c46oBNOM0ugl3q6wjPDELV4XrTTz4i+Eci60r6XC++5Md6xUg2TNxsyo=
4nXrCZZE3lhcuj8oCcnByG9b/HqGSQFca0LKLUWqCsecoh3WgZCPvFByFAQG1MbqtIbGBeeIWY8UZ+4/Zdj/wsSdaJ9Vbl27uDjulYHHL69vNOrfK7wBOfmhUrrRw9dPl4gLZ1uzAA==
xTRi7EH8C4/Mm2UsBGBAeyLGjyvn/g3BnugFgNq4alyOe2belMDQQGIdDl/ez+yxvGFy9Ve2uKahSQvV1bzwmOQheUv9dE6yhdUkxW+o3ziZmiD5rRqsHjeErUmw6MvQSZKMCGVasw8=
i9pZ5kznTcAMsqxKgUPkynoznR/LmZb67PzQdAox3puGk0wlNO3CEe/K+FKJJRvRzaCQTCxtCe8FyM4GbXl0gbd0/yyRlhCdleZsap9oPc0odCuEAV58LB1mszs=
96Cy6Z66BcwBereugDj6QQJvtvpKVKQi0ZCG9uT40EhyBS637reseWw5El2nDjguMdGrvWVEMNC0+ZljjUxOupXNBC1f0J/wScJAUV2iLJanHA0hABALmBlKbCAVYrMH
MfcI8bVFW5EEEtqImFdL8Stcmd97ZoU45pCG9uT40EhyBS637reseWw5El2nDjguMdGrvWVEMNC0+ZljjUxOupXNBC1f0J/wScJAUV2iLJanHA0hABALmBlKbCAVYrMH
hIY4WaZrJxiR68jmiAzKLCp42NU0jFs4DnBgelD2jr9WARoF3NeAk3r7Q6xY8O2L82uxFmAeeLPRpUkODkSptzzba6KvHmWoaLB5wAyIuwYVNxQCG5YVQGQmEWCzOQ==
UXK+4+fRdsKTHgEbc1Tm/BggF7GcVH2VyNGBtBZjSRH4dv6oiTSZ9SVBSmLIapiF9MaYqihEGHr1SgvB5EV2DvbXZN2Epmkz8wRxOfgVkzuVUYrVVnLTx8tXHFPOetxK5QI8ek2Ppvxk9mqk0UeIuQhLQIPXkgZeuMWFIF02jCaMHPVYX0P3tU9U/4PmGq+wn6tNFVXn8+7Pkj2E2HxhLMxkI8olm0wOe9oN7NQqyYyz1Q==
6Qer2TxWK8hTd3wR8vJ9NkVxiNkxYBbZFUH3u5ySlvhZfV2c46oBNOM0ugl3q6wjPDELV4XrTTz/i+Eci60r6XC++5Md6xUg2TNxsyo=
50vqroJCElUnUSNxCa5qKtB19KJ077LlyQLY4H9ZLX87OBLPIpkRIVQhZO0O+GmCjzb2aWHUJsSVRhmaQ4ZvokAYLb7iMNnw3xjN4lW9lkvUqGbgl2DQO3Su41hYixUhUNG3y7KsT7oh4iLg/0evelyCjR2VpCiDHDvC3O6DJlIQZsdd+F09hlJZ/Ho9zis1gYpfUUDcFSzNRPlVMGqoSNgmdttNrOdgrnttyZG+J/z/Y51jbC08pw/xvkKN7UG/GMtAuZg5d3dZI2ms+zIN0ifVr/mUdqfzIWPxkJ1r3bOG
ZhFMlE6dx4zeuIB3+lpnd7QdGlXKxPXIWVX6t8rT1OhS3kA0IUdTmxdvrT7TV+zFcGbL3R2tasevMpdHH2tvul1oIILVeK4/bANjuKH/D/73Ub5KRXKt00RkzRIWj6D4PJHxD1hhjV9KeGBFCh1YjZoOK7srK+QvPgYkNiV+xAa9816AhIqS2CE7cMUIN7j/J+7+Ili5fVytSnRaTGANJK8/D8mvKAf/FmZXzB/XtWmlmwuSL+7F+CgAmFACGNu21ee0cpum9ZAkVjHws6k=
NFJzTkxssb5umwarCNGUAbH+LblZq18ea6haoPofWDD4uXwc50m+aFSqef61kolpqHWC42yny/NgIoTMvalwhdL8bsvhLQLPTHFLUWPSn/236Ia4YMktIWihnyvq/Id5bVvaQJfXN+bIHilQOmNy0M7rhv47qnBq6laMZhUJVnOUMkaalV6ztRkat/E4bN1shZQhNRiakEjg1l67lXyvIGbLFWl5Lr98Z/M1g9Rd9GdHoWZi5d25v2D7qJnA6b83EdPRzFOilVK/RcdZbMbvM+kzqXC1G+Wzvg==
ZhFMlE6dx4zeuIB3+lpnd7QdGlXKxPXIWVX6t8rT1OhS3kA0IUdTmxdvrT7TV+zFcGbL3R2tasevMpdHH2tvul1oIILVeK4/bANjuKH/D/73Ub5KRXKt00RkzRIWj6D4PJHxD1hhjV9KeGBFCh1YjZoOK7srK+QvPgYkNiV+xAa9816AhIqS2CE7cMUIN7j/J+7+Ili5fVytSnRaTGANJK8/D8mvKAf/FmZXzB/XtWmlmwuSL+7F+CgAmFACGNu21ee0cpum9ZAkVjHws6k=
NFJzTkxssb5umwarCNGUAbH+LblZq18ea6haoPofWDD4uXwc50m+aFSqef61kolpqHWC42yny/NgIoTMvalwhdL8bsvhLQLPTHFLUWPSn/236Ia4YMktIWihnyvq/Id5bVvaQJfXN+bIHilQOmNy0M7rhv47qnBq6laMZhUJVnOUMkaalV6ztRkat/E4bN1shZQhNRiakEjg1l67lXyvIGbLFWl5Lr98Z/M1g9Rd9GdHoWZi5d25v2D7qJnA6b83EdPRzFOilVK/RcdZbMbvM+kzqXC1G+Wzvg==
MNGaJEjRJuNAz1AT2Mal9dOBghsOheplNQnPPVmP/tJc0XvXFUsd/M+q8RKbzdupoN5rE61LpeCJ0wGzWg==
VzsZR/J+OXUqW2E3aJ2p2s6bGUTEjew5lD9hhT8zAyYPWo3cuATwJEJsszLFQ/xGO5J9tPSS2QSzXQ==
meOwswFli93TrR3t3zGoCPede+b87MAE6wMGusx17yRDVnNDg2VC0RlxdrKuZa4QlFMddxn1d0bKgR9L742QyURx6/nuAMJR9cQfKWU5cDqQ63ofzXb5rDVBa+iVZ/WyXf/wrtnA4YsfnqHdS1B/y+KcXwSbLfzuYdQ2jUQ2VCsNuShzmQESkuwjSv9c41LUty37GZARxkxIsMU84AiVieJ2NNhGxjkRvGOIlXzRL/QidMhLySKVQFgc7OJpakcFc/9fupMhzgxbKt+1MYftwReEf1wxRlDKdFZi2n84fR2IBKt0oQ68/H3Ws4s=
swU40gbaGqNJKyRHv8S4vaJhi8Z8dje0YUtkJ7+jWhuH5sXFKF4Szvm18eA8OsEBDHQ/1RTwGaXZv7d0bPCQv9RFD4tmYbIXZb9Oy5yMkTqS4rA7603fp/D7fyvyeQnHdngxX01lCJ0fIVrF1eNAaAXniw2QaH3TRcY62kP4sPcQgAw/rPYxTkIqWLIG7r/dlCP2Jkyy/5pBFWueXVlyOD98h4AL/VL+IshSshRzv2itMISfX8GTqs3clTdfq95JljeFdczqbzkL/1IfopHqPX1nc0dbZDlmZ3LNQS1xJpINo2unA7j/f9ezjA==
wRLB7nuJB5J2bVtyLvuKQ4DwVQnZRrOvX/FQPWomHiTcEbExjiUN8ei8Eh4umblR3ixuPlabBBa9YWfKR8ZEbN6T41al9W4tX76h/Qvw/6uifFRhXM18TqH0Nq2EltTLzdkok9lhkjKsA0rfHEPStPfN+3lQ8UbsiJDFHCCoFWkiFjQ4Bqa5sfxDiLU8ca+UYpTIKwnCFeCYPOzCqcrH5bOfX1rTQU6sGwrflXEnbaFXZH888abQarR2Yvq/mP39SGSrlOFuPFw99rOr
OsTKbSceCJJP4CQEUlee6N4DnFxMPp0yvd9yNjrAdnC6xjDwA0F5aitljTXbPXl8fkOoTyzss+vE0BnxjhNSw7QAfaTcpusQPKcKjyUlb7tGNRUqOYrjXU3qfOVN02pbpd8gMUuDTKjLe28NGqkFIUDw04R8TP8+sEnSIK8nn2agrtFwMnOqEHabDh7j+hhqAobUBp357jPMIk667e5bNbFqjxEwfIWsfSSplcBKuEjIBoYbHcxX4D7bHYlBXhf8j0NNo9xNrCf/Ue4CvQ1RvwircHlImQf3ycPZ7KsS/dIXtf85ZNY3c5GDIdDtS82zlg==
7KW437feCv1QasLDxH59pt4DnFxMPp0yvd9yNjrAdnC6xjDwA0F5aitljTXbPXl8fkOoTyzss+vD0hnxjhNSw7QAfKTcpusQPKcKjyUlb7tGNRUqOYrjXU3qfOVN02pbpd8gMUuDTKjLe28NGqkFIUDw04R8TP8+sEnSIK8nn2agrtFwMnOqEHabDh7j+hhqAobUBp357jPMIk667e5bNbFqjxEwfIWsfSSplcBKuEjIBoYbHcxX4D7bHYlBXhf8j0NNo9xNrCf/Ue4CvQ1RvwircHlImQf3ycPZ7KsS/dIXtf85ZNY3c5GDIdDtS82zlg==
wHqY4lnwUXp25/zCk5Pund4DnFxMPp0yvd9yNjrAdnC6xjDwA0F5aitljTXbPXl8fkOoTyzss+vE0BnxjhNSw7QAc6TcpusQPKcKjyUlb7tGNRUqOYrjXU3qfOVN02pbpd8gMUuDTKjLe28NGqkFIUDw04R8TP8+sEnSIK8nn2agrtFwMnOqEHabDh7j+hhqAobUBp357jPMIk667e5bNbFqjxEwfIWsfSSplcBKuEjIBoYbHcxX4D7bHYlBXhf8j0NNo9xNrCf/Ue4CvQ1RvwircHlImQf3ycPZ7KsS/dIXtf85ZNY3c5GDIdDtS82zlg==
4NU0nrE+SiJU7jmVdgh3Nt4DnFxMPp0yvd9yNjrAdnC6xjDwA0F5aitljTXbPXl8fkOoTyzss+vD0hnxjhNSw7QAcqTcpusQPKcKjyUlb7tGNRUqOYrjXU3qfOVN02pbpd8gMUuDTKjLe28NGqkFIUDw04R8TP8+sEnSIK8nn2agrtFwMnOqEHabDh7j+hhqAobUBp357jPMIk667e5bNbFqjxEwfIWsfSSplcBKuEjIBoYbHcxX4D7bHYlBXhf8j0NNo9xNrCf/Ue4CvQ1RvwircHlImQf3ycPZ7KsS/dIXtf85ZNY3c5GDIdDtS82zlg==
rdSfY9nDkf6RpgLAFOy4yN4DnFxMPp0yvd9yNjrAdnC6xjDwA0F5aitljTXbPXl8fkOoTyzss+vE0BnxjhNSw7QAcaTcpusQPKcKjyUlb7tGNRUqOYrjXU3qfOVN02pbpd8gMUuDTKjLe28NGqkFIUDw04R8TP8+sEnSIK8nn2agrtFwMnOqEHabDh7j+hhqAobUBp357jPMIk667e5bNbFqjxEwfIWsfSSplcBKuEjIBoYbHcxX4D7bHYlBXhf8j0NNo9xNrCf/Ue4CvQ1RvwircHlImQf3ycPZ7KsS/dIXtf85ZNY3c5GDIdDtS82zlg==
CyXqdOQpun3LLbzcQbsv1t4DnFxMPp0yvd9yNjrAdnC6xjDwA0F5aitljTXbPXl8fkOoTyzss+vD0hnxjhNSw7QAcKTcpusQPKcKjyUlb7tGNRUqOYrjXU3qfOVN02pbpd8gMUuDTKjLe28NGqkFIUDw04R8TP8+sEnSIK8nn2agrtFwMnOqEHabDh7j+hhqAobUBp357jPMIk667e5bNbFqjxEwfIWsfSSplcBKuEjIBoYbHcxX4D7bHYlBXhf8j0NNo9xNrCf/Ue4CvQ1RvwircHlImQf3ycPZ7KsS/dIXtf85ZNY3c5GDIdDtS82zlg==
FUb0d+eCfTqshWoTDbKlgN4DnFxMPp0yvd9yNjrAdnC6xjDwA0F5aitljTXbPXl8fkOoTyzss+vE0BnxjhNSw7QAd6TcpusQPKcKjyUlb7tGNRUqOYrjXU3qfOVN02pbpd8gMUuDTKjLe28NGqkFIUDw04R8TP8+sEnSIK8nn2agrtFwMnOqEHabDh7j+hhqAobUBp357jPMIk667e5bNbFqjxEwfIWsfSSplcBKuEjIBoYbHcxX4D7bHYlBXhf8j0NNo9xNrCf/Ue4CvQ1RvwircHlImQf3ycPZ7KsS/dIXtf85ZNY3c5GDIdDtS82zlg==
UYxMHaFE+XPHlerqnuRyVt4DnFxMPp0yvd9yNjrAdnC6xjDwA0F5aitljTXbPXl8fkOoTyzss+vD0hnxjhNSw7QAdqTcpusQPKcKjyUlb7tGNRUqOYrjXU3qfOVN02pbpd8gMUuDTKjLe28NGqkFIUDw04R8TP8+sEnSIK8nn2agrtFwMnOqEHabDh7j+hhqAobUBp357jPMIk667e5bNbFqjxEwfIWsfSSplcBKuEjIBoYbHcxX4D7bHYlBXhf8j0NNo9xNrCf/Ue4CvQ1RvwircHlImQf3ycPZ7KsS/dIXtf85ZNY3c5GDIdDtS82zlg==
INYTngAkUveqhRJGTzY8Dd4DnFxMPp0yvd9yNjrAdnC6xjDwA0F5aitljTXbPXl8fkOoTyzss+vE0BnxjhNSw7QAdaTcpusQPKcKjyUlb7tGNRUqOYrjXU3qfOVN02pbpd8gMUuDTKjLe28NGqkFIUDw04R8TP8+sEnSIK8nn2agrtFwMnOqEHabDh7j+hhqAobUBp357jPMIk667e5bNbFqjxEwfIWsfSSplcBKuEjIBoYbHcxX4D7bHYlBXhf8j0NNo9xNrCf/Ue4CvQ1RvwircHlImQf3ycPZ7KsS/dIXtf85ZNY3c5GDIdDtS82zlg==
c49zuaoD5Db6Fxp2D2P8Gd4DnFxMPp0yvd9yNjrAdnC6xjDwA0F5aitljTXbPXl8fkOoTyzss+vD0hnxjhNSw7QAdKTcpusQPKcKjyUlb7tGNRUqOYrjXU3qfOVN02pbpd8gMUuDTKjLe28NGqkFIUDw04R8TP8+sEnSIK8nn2agrtFwMnOqEHabDh7j+hhqAobUBp357jPMIk667e5bNbFqjxEwfIWsfSSplcBKuEjIBoYbHcxX4D7bHYlBXhf8j0NNo9xNrCf/Ue4CvQ1RvwircHlImQf3ycPZ7KsS/dIXtf85ZNY3c5GDIdDtS82zlg==
/gDwV5qb+kgdNpkWYXJhKd4DnFxMPp0yvd9yNjrAdnC6xjDwA0F5aitljTXbPXl8fkOoTyzss+vE0BnxjhNSw7QAfaXcpusQPKcKjyUlb7tGNRUqOYrjXU3qfOVN02pbpd8gMUuDTKjLe28NGqkFIUDw04R8TP8+sEnSIK8nn2agrtFwMnOqEHabDh7j+hhqAobUBp357jPMIk667e5bNbFqjxEwfIWsfSSplcBKuEjIBoYbHcxX4D7bHYlBXhf8j0NNo9xNrCf/Ue4CvQ1RvwircHlImQf3ycPZ7KsS/dIXtf85ZNY3c5GDIdDtS82zlg==
j4EZTN51xnQUWAtW/KvUjN4DnFxMPp0yvd9yNjrAdnC6xjDwA0F5aitljTXbPXl8fkOoTyzss+vD0hnxjhNSw7QAfKXcpusQPKcKjyUlb7tGNRUqOYrjXU3qfOVN02pbpd8gMUuDTKjLe28NGqkFIUDw04R8TP8+sEnSIK8nn2agrtFwMnOqEHabDh7j+hhqAobUBp357jPMIk667e5bNbFqjxEwfIWsfSSplcBKuEjIBoYbHcxX4D7bHYlBXhf8j0NNo9xNrCf/Ue4CvQ1RvwircHlImQf3ycPZ7KsS/dIXtf85ZNY3c5GDIdDtS82zlg==
61PhSxnZ/5/VbfYU12vE/N4DnFxMPp0yvd9yNjrAdnC6xjDwA0F5aitljTXbPXl8fkOoTyzss+vE0BnxjhNSw7QAc6XcpusQPKcKjyUlb7tGNRUqOYrjXU3qfOVN02pbpd8gMUuDTKjLe28NGqkFIUDw04R8TP8+sEnSIK8nn2agrtFwMnOqEHabDh7j+hhqAobUBp357jPMIk667e5bNbFqjxEwfIWsfSSplcBKuEjIBoYbHcxX4D7bHYlBXhf8j0NNo9xNrCf/Ue4CvQ1RvwircHlImQf3ycPZ7KsS/dIXtf85ZNY3c5GDIdDtS82zlg==
cUQw/76EDWUieXXrnput4t4DnFxMPp0yvd9yNjrAdnC6xjDwA0F5aitljTXbPXl8fkOoTyzss+vD0hnxjhNSw7QAcqXcpusQPKcKjyUlb7tGNRUqOYrjXU3qfOVN02pbpd8gMUuDTKjLe28NGqkFIUDw04R8TP8+sEnSIK8nn2agrtFwMnOqEHabDh7j+hhqAobUBp357jPMIk667e5bNbFqjxEwfIWsfSSplcBKuEjIBoYbHcxX4D7bHYlBXhf8j0NNo9xNrCf/Ue4CvQ1RvwircHlImQf3ycPZ7KsS/dIXtf85ZNY3c5GDIdDtS82zlg==
9BkF9SzMMuj5maNM9i9U0t4DnFxMPp0yvd9yNjrAdnC6xjDwA0F5aitljTXbPXl8fkOoTyzss+vE0BnxjhNSw7QAcaXcpusQPKcKjyUlb7tGNRUqOYrjXU3qfOVN02pbpd8gMUuDTKjLe28NGqkFIUDw04R8TP8+sEnSIK8nn2agrtFwMnOqEHabDh7j+hhqAobUBp357jPMIk667e5bNbFqjxEwfIWsfSSplcBKuEjIBoYbHcxX4D7bHYlBXhf8j0NNo9xNrCf/Ue4CvQ1RvwircHlImQf3ycPZ7KsS/dIXtf85ZNY3c5GDIdDtS82zlg==
b3hd3LIFqN5JKOup/dJfXN4DnFxMPp0yvd9yNjrAdnC6xjDwA0F5aitljTXbPXl8fkOoTyzss+vD0hnxjhNSw7QAcKXcpusQPKcKjyUlb7tGNRUqOYrjXU3qfOVN02pbpd8gMUuDTKjLe28NGqkFIUDw04R8TP8+sEnSIK8nn2agrtFwMnOqEHabDh7j+hhqAobUBp357jPMIk667e5bNbFqjxEwfIWsfSSplcBKuEjIBoYbHcxX4D7bHYlBXhf8j0NNo9xNrCf/Ue4CvQ1RvwircHlImQf3ycPZ7KsS/dIXtf85ZNY3c5GDIdDtS82zlg==
59dqegW477ZfX0J5ZxndE8ZgtjIjwTCRtDMF6+ruRqcONZAV0floQXSpJpX7oqyaP/qbQQCig2kOeT1mAfSkWtvKMxc/9xaWUWEZW0i6T5Yaa4asbxz5jUZ9jKdNo0XwHR9Wx7nl0PpHy2IwiGv5ZOWp6wBFr9W6TZewxklIQUPPdqE1m5jfQ3L0H2yLJdwmsTy2ZZT+dCMd0WgbCYmyWjzLSheMK/JcJ0W7cYAZ5oSYWEXUMMC1gfIedLDWTpnZbIuIfawZj3yyHIgj2Sq1iIj0bAq5omcNY5cf0gOpbsSLwt9d4U9NSYfsPzQhTnACpL7iMq/wXRWYbOscMYYcNK0+s2M=
w0GLWO49Bq2LQA/jnmtiYd4DnFxMPp0yvd9yNjrAdnC6xjDwA0F5aitljTXbPXl8fkOoTyzss+vD0hnxjhNSw7QAd6XcpusQPKcKjyUlb7tGNRUqOYrjXU3qfOVN02pbpd8gMUuDTKjLe28NGqkFIUDw04R8TP8+sEnSIK8nn2agrtFwMnOqEHabDh7j+hhqAobUBp357jPMIk667e5bNbFqjxEwfIWsfSSplcBKuEjIBoYbHcxX4D7bHYlBXhf8j0NNo9xNrCf/Ue4CvQ1RvwircHlImQf3ycPZ7KsS/dIXtf85ZNY3c5GDIdDtS82zlg==
YN4DKG6CEyoa0RjewCDj6ptLpJ+dfu7MLgY9WvVPF10fWfh4fpGEMLEMdD9ZFhD+8D/t6ekvTodRzh1EWgY73GdIlON+eb/VESPzkVp5LYd29gsPlnUdS1hg260ycvwVgW7pv4tSAeF9APERAGSdlpmpI4Chx392F5muUo/uP5tkbP1qlneQ8BxZYZcYeZ0XKvCQfQolqAX6Rjuja7N05x4OFM6lBvQOnbvOGESSghDBswD9CA/Id8cm7jqYIe0UjUJEIsyYPSyP959R7zAXt3bup/Qf70XhxdMbim92VTAICKiogmDrvvWvJOpbvuVYxN5ByLOR
K8wbaQmFHKx6EkOt6SUlEva+VaQvfJAEoZEBFOcfBb9A+I/pNPOCTHkb9Ur8nZHakGe8rGouwluu2qLfwMA4fdsdGH9aer5e3x4RVg0F5Q8ipN9YebDJDXCwklR+5wj5VbO4NqbbhrSXIVTKmTLQVfF7Phvxt1xBJ9sYCH/Dw93GQfEhtBkbW870S5flEb5Q00/LJvQGbcCeq37wgmPizj9SrOq2LohW8YGaU5h64gpRRo/1ZYJz4dykUQzJnAXFnCLMSLxu2kuxdONA6gPxeb22wzxb6/ETcBX4R4spglLhpeU/vAOsqaRh8xcdG3VcF7qpkkPdg0kIjmPTJTuNADGjObNi
YN4DKG6CEyoa0RjewCDj6ptLpJ+dfu7MLgY9WvVPF10fWfh4fpGEMLEMdD9ZFhD+8D/t6ekvTodRzh1EWgY73GdIlON+eb/VESPzkVp5LYd29gsPlnUdS1hg260ycvwVgW7pv4tSAeF9APERAGSdlpmpI4Chx392F5muUo/uP5tkbP1qlneQ8BxZYZcYeZ0XKvCQfQolqAX6Rjuja7N05x4OFM6lBvQOnbvOGESSghDBswD9CA/Id8cm7jqYIe0UjUJEIsyYPSyP959R7zAXt3bup/Qf70XhxdMbim92VTAICKiogmDrvvWvJOpbvuVYxN5ByLOR
x/aTH85j07/2xDzAsWe1W/a+VaQvfJAEoZEBFOcfBb9A+I/pNPOCTHkb9Ur8nZHakGe8rGouwluu2qLfwMA4fdsdGH9aer5e3x4RVg0L5wwkoNxaeL3JDXCwklR+5wj5VbO4NqbbhrSXIVTKmTLQVfF7Phvxt1xBJ9sYCH/Dw93GQfEhtBkbW870S5flEb5Q00/LJvQGbcCeq37wgmPizj9SrOq2LohW8YGaU5h64gpRRo/1ZYJz4dykUQzJnAXFnCLMSLxu2kuxdONA6gPxeb22wzxb6/ETcBX4R4spglLhpeU/vAOsqaRh8xcdG3VcF7qpkkPdg0kIjmPTJTuNADGjObNi
YN4DKG6CEyoa0RjewCDj6ptLpJ+dfu7MLgY9WvVPF10fWfh4fpGEMLEMdD9ZFhD+8D/t6ekvTodRzh1EWgY73GdIlON+eb/VESPzkVp5LYd29gsPlnUdS1hg260ycvwVgW7pv4tSAeF9APERAGSdlpmpI4Chx392F5muUo/uP5tkbP1qlneQ8BxZYZcYeZ0XKvCQfQolqAX6Rjuja7N05x4OFM6lBvQOnbvOGESSghDBswD9CA/Id8cm7jqYIe0UjUJEIsyYPSyP959R7zAXt3bup/Qf70XhxdMbim92VTAICKiogmDrvvWvJOpbvuVYxN5ByLOR
WB5cr+ugJzwHahEN5MmtKfa+VaQvfJAEoZEBFOcfBb9A+I/pNPOCTHkb9Ur8nZHakGe8rGouwluu2qLfwMA4fdsdGH9aer5e3x4RVg0E4g4nrNlYeLvJDXCwklR+5wj5VbO4NqbbhrSXIVTKmTLQVfF7Phvxt1xBJ9sYCH/Dw93GQfEhtBkbW870S5flEb5Q00/LJvQGbcCeq37wgmPizj9SrOq2LohW8YGaU5h64gpRRo/1ZYJz4dykUQzJnAXFnCLMSLxu2kuxdONA6gPxeb22wzxb6/ETcBX4R4spglLhpeU/vAOsqaRh8xcdG3VcF7qpkkPdg0kIjmPTJTuNADGjObNi
YN4DKG6CEyoa0RjewCDj6ptLpJ+dfu7MLgY9WvVPF10fWfh4fpGEMLEMdD9ZFhD+8D/t6ekvTodRzh1EWgY73GdIlON+eb/VESPzkVp5LYd29gsPlnUdS1hg260ycvwVgW7pv4tSAeF9APERAGSdlpmpI4Chx392F5muUo/uP5tkbP1qlneQ8BxZYZcYeZ0XKvCQfQolqAX6Rjuja7N05x4OFM6lBvQOnbvOGESSghDBswD9CA/Id8cm7jqYIe0UjUJEIsyYPSyP959R7zAXt3bup/Qf70XhxdMbim92VTAICKiogmDrvvWvJOpbvuVYxN5ByLOR
/wldKH/ZBZaEkd+MzXmN18ZgtjIjwTCRtDMF6+ruRqcONZAV0floQXSpJpX7oqyaP/qbQQCig2kOeT1mAfSkWtvKMxc/9xaWUWEZW0i+RZIeYI6hbx35jUZ9jKdNo0XwHR9Wx7nl0PpHy2IwiGv5ZOWp6wBFr9W6TZewxklIQUPPdqE1m5jfQ3L0H2yLJdwmsTy2ZZT+dCMd0WgbCYmyWjzLSheMK/JcJ0W7cYAZ5oSYWEXUMMC1gfIedLDWTpnZbIuIfawZj3yyHIgj2Sq1iIj0bAq5omcNY5cf0gOpbsSLwt9d4U9NSYfsPzQhTnACpL7iMq/wXRWYbOscMYYcNK0+s2M=
YN4DKG6CEyoa0RjewCDj6ptLpJ+dfu7MLgY9WvVPF10fWfh4fpGEMLEMdD9ZFhD+8D/t6ekvTodRzh1EWgY73GdIlON+eb/VESPzkVp5LYd29gsPlnUdS1hg260ycvwVgW7pv4tSAeF9APERAGSdlpmpI4Chx392F5muUo/uP5tkbP1qlneQ8BxZYZcYeZ0XKvCQfQolqAX6Rjuja7N05x4OFM6lBvQOnbvOGESSghDBswD9CA/Id8cm7jqYIe0UjUJEIsyYPSyP959R7zAXt3bup/Qf70XhxdMbim92VTAICKiogmDrvvWvJOpbvuVYxN5ByLOR
Ffdhi4g/IvN7klUjDY7hrva+VaQvfJAEoZEBFOcfBb9A+I/pNPOCTHkb9Ur8nZHakGe8rGouwluu2qLfwMA4fdsdGH9aer5e3x4RVg0N5ggjo99dcb3JDXCwklR+5wj5VbO4NqbbhrSXIVTKmTLQVfF7Phvxt1xBJ9sYCH/Dw93GQfEhtBkbW870S5flEb5Q00/LJvQGbcCeq37wgmPizj9SrOq2LohW8YGaU5h64gpRRo/1ZYJz4dykUQzJnAXFnCLMSLxu2kuxdONA6gPxeb22wzxb6/ETcBX4R4spglLhpeU/vAOsqaRh8xcdG3VcF7qpkkPdg0kIjmPTJTuNADGjObNi
YN4DKG6CEyoa0RjewCDj6ptLpJ+dfu7MLgY9WvVPF10fWfh4fpGEMLEMdD9ZFhD+8D/t6ekvTodRzh1EWgY73GdIlON+eb/VESPzkVp5LYd29gsPlnUdS1hg260ycvwVgW7pv4tSAeF9APERAGSdlpmpI4Chx392F5muUo/uP5tkbP1qlneQ8BxZYZcYeZ0XKvCQfQolqAX6Rjuja7N05x4OFM6lBvQOnbvOGESSghDBswD9CA/Id8cm7jqYIe0UjUJEIsyYPSyP959R7zAXt3bup/Qf70XhxdMbim92VTAICKiogmDrvvWvJOpbvuVYxN5ByLOR
PK6G+f94W9NfyIAG/YKIacZgtjIjwTCRtDMF6+ruRqcONZAV0floQXSpJpX7oqyaP/qbQQCig2kOeT1mAfSkWtvKMxc/9xaWUWEZW0i5R5AabIihaxr5jUZ9jKdNo0XwHR9Wx7nl0PpHy2IwiGv5ZOWp6wBFr9W6TZewxklIQUPPdqE1m5jfQ3L0H2yLJdwmsTy2ZZT+dCMd0WgbCYmyWjzLSheMK/JcJ0W7cYAZ5oSYWEXUMMC1gfIedLDWTpnZbIuIfawZj3yyHIgj2Sq1iIj0bAq5omcNY5cf0gOpbsSLwt9d4U9NSYfsPzQhTnACpL7iMq/wXRWYbOscMYYcNK0+s2M=
YN4DKG6CEyoa0RjewCDj6ptLpJ+dfu7MLgY9WvVPF10fWfh4fpGEMLEMdD9ZFhD+8D/t6ekvTodRzh1EWgY73GdIlON+eb/VESPzkVp5LYd29gsPlnUdS1hg260ycvwVgW7pv4tSAeF9APERAGSdlpmpI4Chx392F5muUo/uP5tkbP1qlneQ8BxZYZcYeZ0XKvCQfQolqAX6Rjuja7N05x4OFM6lBvQOnbvOGESSghDBswD9CA/Id8cm7jqYIe0UjUJEIsyYPSyP959R7zAXt3bup/Qf70XhxdMbim92VTAICKiogmDrvvWvJOpbvuVYxN5ByLOR
YeZQOEdd3DRYmuZhCcGP8va+VaQvfJAEoZEBFOcfBb9A+I/pNPOCTHkb9Ur8nZHakGe8rGouwluu2qLfwMA4fdsdGH9aer5e3x4RVg0E5g8ko99beb/JDXCwklR+5wj5VbO4NqbbhrSXIVTKmTLQVfF7Phvxt1xBJ9sYCH/Dw93GQfEhtBkbW870S5flEb5Q00/LJvQGbcCeq37wgmPizj9SrOq2LohW8YGaU5h64gpRRo/1ZYJz4dykUQzJnAXFnCLMSLxu2kuxdONA6gPxeb22wzxb6/ETcBX4R4spglLhpeU/vAOsqaRh8xcdG3VcF7qpkkPdg0kIjmPTJTuNADGjObNi
YN4DKG6CEyoa0RjewCDj6ptLpJ+dfu7MLgY9WvVPF10fWfh4fpGEMLEMdD9ZFhD+8D/t6ekvTodRzh1EWgY73GdIlON+eb/VESPzkVp5LYd29gsPlnUdS1hg260ycvwVgW7pv4tSAeF9APERAGSdlpmpI4Chx392F5muUo/uP5tkbP1qlneQ8BxZYZcYeZ0XKvCQfQolqAX6Rjuja7N05x4OFM6lBvQOnbvOGESSghDBswD9CA/Id8cm7jqYIe0UjUJEIsyYPSyP959R7zAXt3bup/Qf70XhxdMbim92VTAICKiogmDrvvWvJOpbvuVYxN5ByLOR
YN4DKG6CEyoa0RjewCDj6ptLpJ+dfu7MLgY9WvVPF10fWfh4fpGEMLEMdD9ZFhD+8D/t6ekvTodRzh1EWgY73GdIlON+eb/VESPzkVp5LYd29gsPlnUdS1hg260ycvwVgW7pv4tSAeF9APERAGSdlpmpI4Chx392F5muUo/uP5tkbP1qlneQ8BxZYZcYeZ0XKvCQfQolqAX6Rjuja7N05x4OFM6lBvQOnbvOGESSghDBswD9CA/Id8cm7jqYIe0UjUJEIsyYPSyP959R7zAXt3bup/Qf70XhxdMbim92VTAICKiogmDrvvWvJOpbvuVYxN5ByLOR
18GVpSXltSKB9qwA3zB1iyFdZbHJMwBTTCgEhZ4Bz5xa1il4Iqv7t0+fTv9MSH8xc8oU4btHjo3/hJnSW5I096SVt75WROa8QXXAfp1ngitoVbItpRKiMZVMn/RrJAOiQlSRoaHkL+8s8bxwzKYBSwgPOFvdXqiCfV4agNN3YYHqFCh6okUq3QyIabgE0RfiwEUZ3swY7K2UuWYUP7MDpg/ajVy4iPCkQuyzssXD/MY7En009BLZhLPd
FyscRDMwp25POIVxUzlm+cmq5ePUCb+TRqjWAXhQTMbfoovWkWTvCJ6EvVE1cO7oXG15j6uGkIBSeg5ve2smNLjIRUQQcHXxEg70oLa+2WlMG4jtjKnPjNIMCDM5WnU4qGRsmpkSp32Dh5/CY1kudKtS383B/w255/y/JME+sL6ELuKij0CdZXh8awxRdlyEja6z8w==
qQeodaEby1zI1aEj0to3na/zAqfTtunHzH2Pj6SIqW5AhJz6l+ZLGknQn1Q2YB39TeR+FNTp+QMzciAcOt7ug8M/dohwDAUISESFLTpq1IxOqskVRB+I4ZTd/5A6KGhfAY6lBOAgrFZBptchK2M/bhvNvogj1l9BWQu9JY9YX8h5auACTOqi7td0bblQGEsgqWJM+IWqs/8=
0b2wht2rXyQbujgQ7EiORDrcV/FS+HrkQq1lTbrYc/5T1ntu2qzHHlNBcMmUA0gdyWT5V6jtvHSmlPflCGco28qdEa6g5++nZthnWf3KGQTHx1XSAY3U4yiBwonX6fPktJTaJjr9dXh+yechDir8euUyHKoNf8Zs5GbKFBEXaMkIO6DTFyKmzjhV5dAd5qwWjCzVCJ8zFyXPxF8zpsrPQJ9bLcUVV1N+TwLd9BggQBzCVAMaZWssnvtKrVwUein8s6U=
IiBf52naogiq5yR6uA5znTOHLkEiYW9S8DMEPgFR+dbxKGkFVzuF5y0zz1zZ9Rrrgdq3NkiZbI2f/LdAdzZ0dWoiO4LdVXcGmUmWcDMcS4jvjVaG3siuyhADW2BhUIjXu9FXMtGcCS+bO/oBGhdJ/eja6wE3f24nJqHOtTFH/49/9HF++7LR2WlhQloBQyevZ0j7h6uz8A==
C/jfnmfHaB4/wiu+WHsRmRggGbmYCniS1YbVu1kaaDnCXs2Huh2Z9CkABWWNeYGS6ceYoycNGH75dESq5Eh7YOvQfa6Xtmo27UcpKqYG2A+5aafsSF7G6P5ZB1HOetxK5QI8ek2Ppvxk9mqk0UeIuQhLQIPXkgZeuMWFIF02jCaMHPVYX0P3tU9U/4PmGq+wn6tNFVXn8+7Pkj2E2HBgLMJkI8olm0wOe9oN7NQqyYyz1Q==
ZNq/hZ/xwtxPmWLYnq9VdMlEu6Z7QmsPsPGpJ8uDu43kw7hTZ134znmE5PokeBtw68CdntdmykZt90n6Znb4H7l5h5yIjqZYfimngY5KPFrlElxKjd8GDORGivSRt6ipCFtgc5fC5u44NSVwnQbsNowMFWgfk1fFz+SfUyZqj6Cfu21llTeTXk/inVSYQIA8wnRD+uXL7P77au28lNrpnLPF
QKVTdOmxoDCcO9qLfmtJT5CDhWAcOFKHkRsiv8O+6d+8VW9X9MBplvDsPGIHbsuiuXj/DOaoXYV9DF4MxOH5O0NawMRqli57c1fWEOCEhbC47OV16qKU9H5C6Q1UF4jZ5PUfSGpgqKex5gWccKgs7rEOt3n7q38WKyWekDPeX3kpI1393xCfMMkCQJvcYiJWJ9wN4YDQC1iZimzglaKzxw==
Eznq0E8/4q3cHClnqOk16xdZ3ZqGFucvmUDLQOA5+O1XW6mkje4/v+QgRYuQia+34TPhjC7CJVJPZXcZHGbfs/mT+TDlO3WzLg==
itjRLBngwulM37xrGP4cR2H+JZ0N5vJU64MzMb+bvRBoAEbxmoOFA1cT4NoxT49MrZhWVX5dMZefvIvCaX+yjMMTJkXJh+df11RITrMymakRASoKGQOfH09oIxdjszg=
vidZOSPMjqup/5naJ4Yy9DYFzK0ITDQvgJS/DPpExGG3Y1Xayd5IFEic3wFKmj8hV+R/vPEm0Oe09mJ6vxj9fUjkqxTh7jzcPXazKw==
9XzdAtk0B23CFGkRZez0grLN6+/26tVjXAiP9atiexqRwISLeMj/2JJo1GWvXzUugZK4cPAAX5Xi9u9lDxhfiPkq4MPMKqIuV7Rt+dBYS2ApIkw4BWqzPw==
2cW/0R5mnQ3yb9OwkATNGjcfyq8TXjQvgJS/DPpExGG3Y1Xayd5IFEic3wFKmj8hV+R/vPEm0Oe09mJ6vxj9fUjkqxTh7jzcPXazKw==
vpUIKn88T/sNqmthhgSpcWuTl68OJLTkggo3OC6Gn68h0CMgOImwLR+LkYRlnie//NAtq6jZZ/cpg7lsRlKd0rf137lElpdzMcMBUM0LbbM2
/4FvtVpfxRSp7ko1eech9GI2x1tY2P/IsriUtQ/Ptb4hQvig0BBfhcImr7WviN8YWfqgE+w6oj53ZC0pcMjL8InyDOglerMv
wrgB+4RpZDZo5q/y+EnlrzcHxq8KSCsvgJS/DPpExGG3Y1Xayd5IFEic3wFKmj8hV+R/vPEm0Oe09mJ6vxj9fUjkqxTh7jzcPXazKw==
oXW7mEOzCTk/d6SAquTmbjYHxq8KSCsvgJS/DPpExGG3Y1Xayd5IFEic3wFKmj8hV+R/vPEm0Oe09mJ6vxj9fUjkqxTh7jzcPXazKw==
TTVgD/fykVvevhyACKDe2zUHxq8KSCsvgJS/DPpExGG3Y1Xayd5IFEic3wFKmj8hV+R/vPEm0Oe09mJ6vxj9fUjkqxTh7jzcPXazKw==
beTy2EFfEpa2sAqTiNMm4kRhyI52MAPnWl6j792Il/BMYRyN8+MFNPFmuz9gqLkbPDELV4XrTTzyiuESi60r6XC++5Md6xUg2TNxsyo=
swc91mEXdvE101gLITr2Ywn81lhvfoO6tnlXBe5ZVK7f8uZ23GezaUU0pfxgQrzGn982SIeHs47PMn2kWFEgjMLE4+qlu4yuezrNDFTKCWyzNQ==
513BohRxTp/Y0vchv/4ZngzU4ctHIz3Vw3Bk48hQf1ACEHTN34f1ZlGq2JjAGF+d8g7PTf9AH0CpkgCrfLIipsfMzVGggIso+Ros0DVyszc=
wwpClRKdlrhpMSJyaurUvF3emrFlPFCYm0ewOgFPf2z9WOY17t1BN0/8uyJ5f6Ls89N25TkHd79nFJhuwzKpycHBWqqJgy//HyjTN3OzKA==
4N3OwX6B+29xzDc+vbEO2EZA/rVYLH7SjYVs8h+uXqqsuws1pagdYBDeBFofQ47U9xsLEi9uxXgojZjQApjbNtVntPKbJvUQJNYxcLMp
1NXn72DFdTLEy9//1nLMlPLo2jFH2uriU1YErb2GcLcwDD+UStykuQc7lYL5BigMeITfGXqCX/lnvL/kQf6wfwRu4uIPgJ2l+LxrTNE2XMQNbrMz
mtgxd0/xcCiyRzV4qkBQK2D+JZ0N5vJU64MzMb+bvRBoAEbxmoOFA1cT4NoxT49MrZhWVX5dMZefvIvCaX+yjMMTJkXJh+df11RITrMymakRASoKGQOfH09oIxdjszg=
oO6pTBkLuHE2o36UEn98mzUfyq8TXjQvgJS/DPpExGG3Y1Xayd5IFEic3wFKmj8hV+R/vPEm0Oe09mJ6vxj9fUjkqxTh7jzcPXazKw==
M9TJVZ1vaqBH2TRBO7kbb0s08c5hffzyRY87JDEoOo1KPSWv82w3qv3/JmR/Q8p93WfTBzvk1KYHcm2BDfEGUu2jC+fjON8/d7Ms
5B9Sn5TlOaXPWd3/au9qQmiTl68OJLTkggo3OC6Gn68h0CMgOImwLR+LkYRlnie//NAtq6jZZ/cpg7lsRlKd0rf137lElpdzMcMBUM0LbbM2
0HsNqvePyztHOddqJ7pJG2E2x1tY2P/IsriUtQ/Ptb4hQvig0BBfhcImr7WviN8YWfqgE+w6oj53ZC0pcMjL8InyDOglerMv
1wYMJJiEBATNmjQuHgsOiTEHxq8KSCsvgJS/DPpExGG3Y1Xayd5IFEic3wFKmj8hV+R/vPEm0Oe09mJ6vxj9fUjkqxTh7jzcPXazKw==
TBGx+00ST1pd97TGJyRiYjAHxq8KSCsvgJS/DPpExGG3Y1Xayd5IFEic3wFKmj8hV+R/vPEm0Oe09mJ6vxj9fUjkqxTh7jzcPXazKw==
s/5OBNnOL7+TT4t5wf8GgE8l5slhY/zyRY87JDEoOo1KPSWv82w3qv3/JmR/Q8p93WfTBzvk1KYHcm2BDfEGUu2jC+fjON8/d7Ms
5A1hVzdB87pxN8KJvvMQABJM4ZKGFucvmUDLQOA5+O1XW6mkje4/v+QgRYuQia+34TPhjC7CJVJPZXcZHGbfs/mT+TDlO3WzLg==
eMWOBwtrl7nnyNqdhAt2EBFM4ZKGFucvmUDLQOA5+O1XW6mkje4/v+QgRYuQia+34TPhjC7CJVJPZXcZHGbfs/mT+TDlO3WzLg==
8rxZMiYeSUVZGE3O1g8ta0l1+5OGFucvmUDLQOA5+O1XW6mkje4/v+QgRYuQia+34TPhjC7CJVJPZXcZHGbfs/mT+TDlO3WzLg==
0KFPfd8Pyy00JMsOakcALHUSwrofWTQvgJS/DPpExGG3Y1Xayd5IFEic3wFKmj8hV+R/vPEm0Oe09mJ6vxj9fUjkqxTh7jzcPXazKw==
6HyIHiEtRDN5oJrgZChF+SlcsqxGsSQ2X2oWHnzP45EFDHWUgGqM3p/HBmBn72O2j8otDPg50BRCXJMCBRNc1rsCneQ04jl0sy0=
RnKh2G1mbNPqhahk/RNQHDYQ21tY2P/IsriUtQ/Ptb4hQvig0BBfhcImr7WviN8YWfqgE+w6oj53ZC0pcMjL8InyDOglerMv
sHlW9Y8L4Ahz4iqMVBvt0BAyxVtY2P/IsriUtQ/Ptb4hQvig0BBfhcImr7WviN8YWfqgE+w6oj53ZC0pcMjL8InyDOglerMv
P7RSVackDuRqF7FwhDcI8UEl/c51dPzyRY87JDEoOo1KPSWv82w3qv3/JmR/Q8p93WfTBzvk1KYHcm2BDfEGUu2jC+fjON8/d7Ms
bPLSv6W5KY2cmmzF5TOzGCn6+gc6o9ap7/jIe4d1qJa5XLSShJCrCGs4LfZ3jhoeLS+Z0gZeCCe5QXe06KZ2gD5xd2kuIoyiZWrsoi23VtQkHtrccZ/YkQhjEFt36ra2+O11GD3uXE4M9KUAv3uHnY88T3tGQn+Yn4OdTfUfQ4YPuk28OCkwxEIM8xJFo7wmOzK9lHTymaSz/Q==
3oHHHd3s4AIJcmsBQxDCbnPEeJbdFCmu373p6cRhn3uc5IlKqLjsrk8qC14BDE/gTsz9GeWYzoBMZXmHu+6waIIyTierg4ZcKEDFzIAY1RnCRrToZlb5AVwTiOWcwe9kAkRIe+my1VA47OwSCXoHlVPP34qzsQ4cu1rfxdGXLVE3tP9sEdYQ1xSmYiofKD2NqDQrRIGefOydprP7
/p6KwlJw/3Cpxm+lFCC+gVMf7ZOy2wt61aAjXzlvXULoE+wOeREhBllI0fXfuw1X1ZOnDAE1IpupOq8mQJlknYecn7BPdiylgoJDMlXV/3YhqT4ga9yzuIetTpbWyKbaCCMzUJmQ0IcTMe9CWRyBn+ObEtFCV3ENwLrzET9/Zjc+QebFCYcn3xdUiM5zMlkp0QHqitkDX5+PaOOXo7P4
53GvROeny2wIpWmepA88xcyMu8YCUJqIeVctY09G4hvmGmsBMxIzYDvRvZvvc7+7TdhTZfBP43Jl4gLZJllN1NVknSZ+cWgqKZa3dZ3SywFUtPlMISwNJcQSVEgkXoKrucQLAEITeZkF5ju8YzuJM/gFEAej2YryOdV9PyTz9AmsEdvXdQv9fOLqkRI7DTspgJ7LE02LhWDpk6Gz+g==
4bq/8ocTsz940Fz4yTbQ4pqu3oKfs13HwVRNtaZl1dHakklYfNVT/k+C3XQYoUCcwtQDmmXrLB77yq3cFPopfLMl
7T3U228xB47/MIADg0yGaxtT9ahUO2vD/8Bx81jnAqGuuUU2obgVeRbJTV1aHtH0zBkLEi9uxXgojZjQApjbNtVntPKbJvUQJNYxcLMp
QwgmqwuI0Yk/Ny+sZbvjjlYy5vlbXLkU2rTt7e7p2Ew1Jm+x7KKvZSc5GVqnF3YnMcO3s3Ifcca5455/qQ8a8M3+ND9f0J/wScJAW1yiIpanHA0hABALmBlKbCAVYrMH
ScWnZ48QtXZngF/GCzyAIVo47Mk0EPX7WIJ8dzIrNIBCOTWn6mog4/q6eztfeMh93WfTBzvk1KYHcm2BDfEGUu2jC+fjON8/d7Ms
G/kFRDmeVM9dXm9VKVAYnlQy5vlbXLkU2rTt7e7p2Ew1Jm+x7KKvZSc5GVqnF3YnMcO3s3Ifcca5455/qQ8a8M3+ND9f0J/wScJAW1yiIpanHA0hABALmBlKbCAVYrMH
ScWnZ48QtXZngF/GCzyAIVo47Mk0EPX7WIJ8dzIrNIBCOTWn6mog4/q6eztfeMh93WfTBzvk1KYHcm2BDfEGUu2jC+fjON8/d7Ms
kGTqne51nrxRn9ftEijAnFUy5vlbXLkU2rTt7e7p2Ew1Jm+x7KKvZSc5GVqnF3YnMcO3s3Ifcca5455/qQ8a8M3+ND9f0J/wScJAW1yiIpanHA0hABALmBlKbCAVYrMH
XFmZu3nes5wnLoF436kPCTcZ/j0XlriG4a2JuxWc8LgkQfmrvVROksU1pKWviN8YWfqgE+w6oj53ZC0pcMjL8InyDOglerMv
e7bXxJFXYBMkogEETSjsPTcZ/j0XlriG4amLtRWc8LgkQfmrvVROksU1pKWviN8YWfqgE+w6oj53ZC0pcMjL8InyDOglerMv
VRGY70ZkjmbJVOTE6imWqbl5OA9Az3zjhDFoLKgER2NXQmBb7LeYMA2vaT7Q24vlT0FzLgUNqvqpwC5YcZ3W2b8GFTl5CMcNjONOFlTSF+qJlaOu9flqyEe8n1Cz3Xpu6siaIjxTB7i18PxvR2E7mgVcXUe3y8Z5LvedpbQKB6lD/5qPSvESbWUny3dDhFyWL/KFcYXRPuL143P3u5jX75+zxA==
eJ+t/RW6LLpy8vbb6aLmhrw4MyMAZCkOMJwHXdv6z1QTM6c1L7Pc+mHhMxddm7VcWjppkgNdQ0nIDiPT5bvNAPEjebMi
3JRl/TRO+8rsrpqPvfUhm2Ps/R0hrNGqrOWNbKY8qZu/VrSShJCrCGs4LfZ3jhoeLS+Z0gZeCCe5QXe06KZ2gD5xd2kuIoyiZWrsoi23VtQkHtrccZ/YkQhjEFt36ra2+O11GD3uXE4M9KUAv3uHnY88T3tGQn+Yn4OdTfUfQ4YPuk28OCkwxEIM8xJFo7wmOzK9lHTymaSz/Q==
oFmRjXJC/4mKJVMEi5AW69OBghsOheplNQnPPVmP/tJc0XvXFUsd/MKq8RKbzdupoN5rE61LpeCJ0wGzWg==
Uwe9cpzNMunTTRHvtDt13M6bGUTEjew5lD9hhT8zAyYPWo3cuAnwJEJsszLFQ/xGO5J9tPSS2QSzXQ==
7SBIxyrNWCznwHmw2gsLs9fmHVsP/XSqA4JOJ7O7eMKL3ttOE00wtLfvmoAPTSK11h8/9vWC6G25OFArVEX52V2i2W4fXZ6mx0w/lOEu8CPgXuvT79DddVjM67xxZpwUbV6zAw==
0A8K2ITrnPkD6F4HmeAgrdfmHVsP/XSqA4JOJ7O7eMKL3ttOE00wtLfvmoAPTSK11h8/suCG/XioJ1ArVEX52V2i2W4fXZ6mx0w/lOEu8CPgXuvT79DddVjM67xxZpwUbV6zAw==
g46/8MK3vbHwYMke0FfgDF4t5rUeHrgC16zN6+7cmUQoCC21yOOmY2J9BEDiWDoyMfL5nlZlMI+86YltpR5Z6pfRDjJf0J/wScJAV1iiK5enHA0hABALmBlKbCAVYrMH
f1AaQeB7fV/X1ojgbr6HNtfmHVsP/XSqA4JOJ7O7eMKL3ttOE00wtLfvmoAPTSK11h8/s+CG/XioJ1ArVEX52V2i2W4fXZ6mx0w/lOEu8CPgXuvT79DddVjM67xxZpwUbV6zAw==
5Jc8WyB/b75tajee+MMXx2/l31vYpLYAbWReZo1uVBYed8Dq1ulrdX449cgbpZ79eF1WOd0oqejW5jJVMPvBucv18uoXOfd32SPprHo2jdum1S/5FHYn86FjcZAda12zBg==
xLtI+aMVe4pKhYCHFYjCeV4t5rUeHrgC16zN6+7cmUQoCC21yOOmY2J9BEDiWDoyMfL5uHR7MI+86YltpR5Z6pfRDjJf0J/wScJAVFiiK5enHA0hABALmBlKbCAVYrMH
XQN9igKUYzSK4swqTMynTrW1soOfC6Hv3q8jBLl0W1pNwLqGgH5sOXm1paiKxX7YlnXcc0Di0pCA/QgfMRcZ4Jmo0xfGeBMeT6IdFJgOBHzLtcM65QtsPvuqbXyUGmlcswU=
Av02Algv48wVZgpWfSGgwm/l31vYpLYAbWReZo1uVBYed8Dq1ulrdX449cgbpZ79eF1WYuQyqOjW5jJVMPvBucv18uoXOfd32SPprHk2jdum1S/5FHYn86FjcZAda12zBg==
CV+x38hZSHgIDKn2lTyC9e99eH0/wkWax5yXhPtZSlTp9o3qFpsCnHpT39L5IS5GXOrY+POu046qkBpuXfAsms4SbBxFlnxlAE1oT/HnOfCZuPPnBihzrs9SvUTYMeRsy6WjCiXbzE57Go2s1GpJTLMV
ujJSJmk/wKgKE79JxCyX+9ffEUthsHMpTiDOlDCPlWwDVlBC4UQlg/lIEqB9axEaH21yJLWJhPK9zZqe3ECcr1FayblJRjxoJkZiFQAb0bnblcIqx5mH90nDWewmFn3blrV/OeTWt3MRg6HQbUtNsxY=
GrrvFUn812dI4ZToniXjOtffEUthsHMpTiDOlDCPlWwDVlBC4UQlg/lIEqB9axEaH21yJLWJhPK9zZqe3ECcr1BayblJRjxoJkZiFQAb0bnblcIqx5mH90nDWewmFn3blrV/OeTWt3MRg6HQbUtNsxY=
NKT0Vc/io/t+4z/4r7ewdLcsbI5KS9+QmGiByOaj16Zw8x/9y5GCY5VwSKf1AuKnfUJAFgoWbihO1PzE2Ln961KEYSDNEp7PBPKHiMLe3oWMk1U5Xx1OunsB45fte4Uc6t45m9L9Mwk4LlNTNZvdwGFDSbMS
AuJqA/kZzpU7+fYiVetlYl9Cv01iAHuF0ya31j4ss6NK3yNSugj3/cB+Imp4ha//16P7lUtGHnduqCYCUKOESi3YxLbg0dDTgX+Iex4kS3t2tMsyL44FGKhkX7ALeZtWVYf0kpsGtbCkdnFQswk=
PkqUG5lSLjzvL/qTtSNWGnbv7ipaqOAWkpq24QzYNlNzLGYlr0lUsJ7152OZDIRBFfvmpwxmGFlAAVsfTDceJB6M2+9f+yJogJ0eXNAkSSh+dkr1/ALOvtOFukrvqV83sRPxTLdl9VseBefZDAYPM0nzyfBVW0WzHg==
vLbQaw23NNUeI9z9wVzCUCkECj3xbXX28RoYyCBoX5zTMoKMn7Cf0AkiwPKbwiu35/yNgcBwC7hZquyA1QKzJw==
CvtP0EoTIXVZkXccbh5mqjK9RxRvrFaG7XR3n9Pu9lu9kKUG6whEXWDSJq2xqUKZ33lNWaL4Njo6D6kMzzvalzGuSFPTVtCXCO5uwJoBptPfjCE2NpleJ8JtsgOnDcCuevb8ZtTl7hGf8TZ9OnUZDZ0uyPVWySMOsKsH5kZB8ErB5n/1VeLjocxEgYy5/DUFbIKcSOzOKouBFJPAOuPhOS3W8zyrS2FTYDUoxzsJ8hJRRTU/7GMcaVRBQ5dNO2Wcgx3Zm3I9E4kY7jNT1du9QEED6bOy
Ngw5y3VZ5UJU1wbAG9q9fsp5w0uvgp1AvhFly8VFMkhl9kf4bu/2/PJ9ui5Ud1eCn1KwlMl6J35bsvQ7nvq4Ih31F0YqczEy6n8S2pzQqPW82yWIIzY0naQv2JmAE1U52kZAkh5GtgHUeUXFRK0IAcPF5+oKtZQNWcZq37U2NPUqInsCHVW3hllJVvBzHAsIr42WBh7IbkrQAxvgIVDIV3vRl7IRnMmv2zu6gVoXiX0o2iuB938up2ahjjVxRz8Pv/S5+bu7kFkpYQLawUPnL6dIuwfrs7A=
LDB9Q53dEFxTIfp41SOAUSQc5e7WOA7n1CvdZh96oTD1rV0HTEuyNYDXuP8Fy22p7BbOLNBukuCfW8hKbla4rwiB0NnDoMBd659kF0gRfyNXoA6gtrUfI6tFFzub3INV2vVkjdZHk0ON6FuvFZHrfKkCTGkVNW/+Yhdxbl6dL0WerlSupeY0rh0bDjhE8kLwQdNA3QgviBdHxi5amAEttA3ihMLM+H2MD1ffce/QV9f2DmfUH8+FAUWzW2pvVhWQiKzvyIuBKx51D+TKW94luES+AeizsQ==
XQjfgGKuNYVIzRmmSA9oZSQc5e7WOA7n1CvdZh96oTD1rV0HTEuyM4DXuP8Dy22p7BbOLNBukuCfW8hKQkG4phSPx9nDoMBd659kF0gRfyNXoA6gtrUfI6tFFzub3INV2vVkjdZHk0ON6FuvFZHrfKkCTGkVNW/+Yhdxbl6dL0WerlSupeY0rh0bDjhE8kLwQdNA3QgviBdHxi5amAEttA3ihMLM+H2MD1ffce/QV9f2DmfUH8+FAUWzW2pvVhWQiKzvyIuBKx51D+TKW94luES+AeizsQ==
CF2kEhpfUEAASB+efWahDU2ep+gLeibegHJ+9kme/PYEjx0HkOxTsxNPEWGCPMW+9Syj0x9H1sOJ8HNVivVDHVS/amz2u+OOvHfz6VAFWC9zOV+mCqK2uwMpk1MDCevCry/y0wCvNimvqdXer/1Fb6cmYUQIq9V7szQawaUc7kND/3bI8EwFSMgEhe26qtRMzmrJVcRfiKEUnf9Quuhon4FOpURgYKwWwebX4aujP66bDb7Io5ZfAdlLveUPmF8I+argSsuqq69XNG150NhL4CmiTLgF6rO/
pMq9PjPw+SuVORieyyhuISQc5e7WOA7n1CvdZh96oTD1rV0HTEuyM4DXuP8Dy22p7BbOLNBukuCfW8hKbla4sRWA2tnDoMBd659kF0gRfyNXoA6gtrUfI6tFFzub3INV2vVkjdZHk0ON6FuvFZHrfKkCTGkVNW/+Yhdxbl6dL0WerlSupeY0rh0bDjhE8kLwQdNA3QgviBdHxi5amAEttA3ihMLM+H2MD1ffce/QV9f2DmfUH8+FAUWzW2pvVhWQiKzvyIuBKx51D+TKW94luES+AeizsQ==
HSl+0eK7VIKuIgiJOfTJ5E2ep+gLeibegHJ+9kme/PYEjx0HkOxTtRNPEWGEPMW+9Syj0x9H1sOJ8HNVm/NBCFCramz2u+OOvHfz6VAFWC9zOV+mCqK2uwMpk1MDCevCry/y0wCvNimvqdXer/1Fb6cmYUQIq9V7szQawaUc7kND/3bI8EwFSMgEhe26qtRMzmrJVcRfiKEUnf9Quuhon4FOpURgYKwWwebX4aujP66bDb7Io5ZfAdlLveUPmF8I+argSsuqq69XNG150NhL4CmiTLgF6rO/
wnOUZmLSvDq5BkzBD7CDQDK9RxRvrFaG7XR3n9Pu9lu9kKUG6whEW3GKfr2nohbG2HpYcOSbcXgtV75MywndgSSzSFPTVtCXCO5uwJoBptPfjCE2NpleJ8JtsgOnDcCuevb8ZtTl7hGf8TZ9OnUZDZ0uyPVWySMOsKsH5kZB8ErB5n/1VeLjocxEgYy5/DUFbIKcSOzOKouBFJPAOuPhOS3W8zyrS2FTYDUoxzsJ8hJRRTU/7GMcaVRBQ5dNO2Wcgx3Zm3I9E4kY7jNT1du9QEED6bOy
S3XyP9R/ikW/NgmCx5TvpDK9RxRvrFaG7XR3n9Pu9lu9kKUG6whEW3GKfr2nohbG2HpYcOSbcXgtV75MwhrXnCSxSFPTVtCXCO5uwJoBptPfjCE2NpleJ8JtsgOnDcCuevb8ZtTl7hGf8TZ9OnUZDZ0uyPVWySMOsKsH5kZB8ErB5n/1VeLjocxEgYy5/DUFbIKcSOzOKouBFJPAOuPhOS3W8zyrS2FTYDUoxzsJ8hJRRTU/7GMcaVRBQ5dNO2Wcgx3Zm3I9E4kY7jNT1du9QEED6bOy
ta0ruCtf9aPQux5/ED244601QUBfLc0twfWRDLgggrvD8kdp2GNln8Cv7hRQZG6MfIjM6T6LYm8CoL+mzJ9LzwB1ToZNK7055rN9Ch4vRjKgsLTdyOsxkC82OIWwH6yxnHNp0Y4WtKpShnp5YKkRbbgNlOl3tXNyhjUYlc023rcplkhd/nLP+lEVe74tmYKYT/wXIFu9gh4SyGJSxDPvyD2w9D+vAeOK3dyFV29rbikmtxUVnCq/GXv/oj/y0Trd7efDp+skDYF3e9xh3TFWMv0j+wfTeK8f57O8
uNqPxWzPPA4g+pGqQd1P3Xfv7ipaqOAZ1ou9/RvJMG4WaHAnhwgNtI3xzzSzWIJHQKqjgElnHhwGQCNLGTwPLxeR8utG2GN2nbNMGPISWyh+dkr1/ALOvtOFukrvqV83sRPxTLNl9VseBefZDAYPM0nzyfBVW0WzHg==
PPLnJyy2IFstJoo3sYc6i4LKJzMlI3Zhwm83SDzJkhSL5hwWbE+mAGoO24QaJWy0rdLaWic9cARXfx0GZOPiX+sda+fRX2mI6qvQu7T1ua10pd5+Py3eFifcvwSBnjDSw07rw88gHcU4XGsskdbcZE1OsxM=
p3qY7glidVFdzPRtPKg1P3Yhz4R25fPAr+47I3AxcnYHmhJFr7/K1sNz6ok7Lrq78hIwRGqdn9e3yv+8l6P7l4voE8/NEyCmhGKQ36DpADthV7hjHjx7U5ZcGwpv9lWwCIivKIvh6z71LyRqWz7l2MReQUizEQ==
O5jmc0MHQKSsggq+u1X+HlzWnLtrGBykuEKwLAEGLSP7UNR79N1BN0/8uyJ5f7Pt/95n5TkHd79nFJVpwzuoycHBWqqJgy//HyjTN3OzKA==
JOEKO8lGNxcepsG/QXSGTIijJQ0rmaz7LgIVza/iYxzizltvZRjvUOQx1M27E20U6RajP3hYoTvUQcOXzTvlnAIcWZvyPZOJmO6zU1XbPUDBA2mzMg==
ru68Np00iQ1AReMg2RlzoGnMBEJQmcUxJJrp99/1Ip3MlY3+R247beT0uOmDQbQe6kqfy27MNLOI/V0/awz/epX/3TszuVLtJSeL9wOEFBBv+8TxxdF+YjXjs3d7mBdvX7ME
Fs/LLOG+vc4OzkVimRLhKlZCv01iADnZhz63yiUe++d9zj5FtD2+yZMqD1xLzJermOb70UpaKzs6tyoxH9/UQDXKxLng0dDTgXuBbBkkS3t2tMsyL44FGKhhXrALeZtWVYf0kpsGtbCkdnFQswk=
azemkzDWoVN6/7z6XU5qZEc7Lhj+hoaDkPJiFgLr2LnSPmLhpFEGp4bJ5sCIkLOio0d/JVkCNXgN8VnCdV6f5pfBF/rimPj6PG1epw95BamcUpmlWQeX/weUdCijO4iJYUH66qmDD7+/qHN3U7MI
OKED05ttm1g3ZPCZ+0Z7clZCv01iADnZhz63yiUe++d9zj5FtD2+yZMqD1xLzJermOb70UpaKzs6tyoxH97UQDXKxLng0dDTgXuBbBkkS3t2tMsyL44FGKhhXrALeZtWVYf0kpsGtbCkdnFQswk=
AV96+QMZpKL6MFxxEtZvVu99eH0/wkWax5yXhPtZSlT+8Jf+EKVSn0gWysPiOgwFVs3Yp/T9hpG8hx9cD6ke1JBabAdDh3B6AE1oT/HnOfCZuPPnBihzrs9SvUTYPeZsy6WjCiXbzE57Go2s1GpJTLMV
kF/5Oh0mPlu1f3RgUhuqGPLMsUL2kDokupi4RGcURI2xpSR9NhZ6j2T8SwThaOot2r2VDwMsB0rt/zYET4O63W3nQ6drJI2G93tcYV0x1jJ9I3sHU3gvH2ezPA==
VGf8yHo06BQTnp9IgC0JjhUEv+8aUqbz+NWFqWKL9/6Fmew86+0Pkbi5W9xaO+OHNT9/wbjXmQJDGFsJcVlsJ0YAI7g22v/ogA5NjXYMcFdMYSkR/CFe8qeZborPOF+oOcpgqYkKqg8X1O0ZEHhLQOnCzFhFSrMf
jXNfj2K5YxaHtaGR/hfzIkBTpNPFdhHvpwLB1fC+u2zPvvKJv44r5PwIJVZvC/V4X5KGSVcO0+WavITDkoL0hLnxieOH3cNRjcY/H4yrHPSt+KzC8L2iT5v5kcHgAtWdjedj5wukaEHXejwh/bF2ch0jW8fz+E9fR7Mc
/6vhJgVZ4px0uzb53CHakUBTpNPFdhHvpwLB1fC+u2zPvvKJv44r5PwIJVZvC/V4X5KGSVcO0+WavITDkoL0hLnxieOH3cNRjcY/H4yrHPSt+KzC8L2mRoz+kcHgAtWdjedj5wuka0HXejwh/bF2ch0jW8fz+E9fR7Mc
XXGCHWxbAfMNWjGZumNhUEBTpNPFdhHvpwLB1fC+u2zPvvKJv44r5PwIJVZvC/V4X5KGSVcO0+WavITDkoL0hLnxieOH3cNRjcY/H4yrHPSt+KzC8L2mRoz+kcHgAtWdjedj5wukbEfXejwh/bF2ch0jW8fz+E9fR7Mc
Ktfcex1AoX44hW7rWbAtha5j9JSbdOj5UH2L2iSkuZ3q1gfno/uDvYIS2ss4MEx07xSeoGprm4TSGitdfMGJ2dal0taZ9IHksVrPGlaKpTcvnXIyYCEwA0FLoXwZNGtLtmQrwq8+pUjoFjmgCml7ppVXVCIbdtXg5EZRQLMZ
emuwzV6zlmZTJqAkpY6f5a5j9JSbdOj5UH2L2iSkuZ3q1gfno/uDvYIS2ss4MEx07xSeoGprm4TSGitdfMGJ2dal0taZ9IHksVrPGlaKpTcvnXIyYCEwA0FPqGseNGtLtmQrwq8+pUjoEzmgCml7ppVXVCIbdtXg5EZRQLMZ
1DGk7sNaxKo5wKGjAnhzp65j9JSbdOj5UH2L2iSkuZ3q1gfno/uDvYIS2ss4MEx07xSeoGprm4TSGitdfMGJ2dal0taZ9IHksVrPGlaKpTcvnXIyYCEwA0FLoXwZNGtLtmQrwq8+pUjoFDigCml7ppVXVCIbdtXg5EZRQLMZ
JwRJRAfOcCLK+aCSsIiTLGMY8h9Y4f+N5L+Yl0HVtb4hQvig0BBflMMqoqSviN8YWfqgGe06qT93ZC0pcMjL8InyDOglerMv
rmSYl9TAkBaosaVN86l0EYLKJzMlIzM1jGk3UiDl2lC8o1gGYHPnGnUbx6BINU/9sNOZDlstaxUZPQwLftTzRP4eP6TYej3R3qjQu7T1ual9stl+Py3eFifcvwSBnjDWxE7pw88gHcU4XGsskdbcZE1OsxM=
8ZQgbgZDtci3yo5icKq3nILKJzMlI3ckh3UgQybYvxS9p2pTPVGoHXYf5+VVKDjs/9PcUQZ4dwQyb1kRb+XyWM14bOfVdSzKwKzQu7T1ual9stl+Py3eFifcvwSBnjDewk7ow88gHcU4XGsskdbcZE1OsxM=
CzAjzJjdcG4FBW1be4RYTb2z5pxai8I2Q2440V5uqUM0DNF97sEbwX1ESPvHz9xVDnRncCpTefWHycIMtSQsIx25/H6Y0LAfHBlJPcUuWfq3oU7iv2AfYOkygAc9kiiHh2xN8eCgiwi5uqxwdVKzFw==
32x2gtxunBTEiC5SsVOG11ZCv01iADnZhz63yiUe++d9zj5FtD2+yZMqD1xLzJermOb70UpaKzs6tyoxH9/UQDXKxLng0dDTgXuBbBkkS3t2tMsyL44FGKhiXbAPeZtWVYf0kpsGtbCkdnFQswk=
8xyci6auO/iNi3WJML1uhFZCv01iADnZhz63yiUe++d9zj5FtD2+yZMqD1xLzJermOb70UpaKzs6tyoxH97UQDXKxLng0dDTgXuBbBkkS3t2tMsyL44FGKhiXLAPeZtWVYf0kpsGtbCkdnFQswk=
nhIpwm1Fkja9h1LdA7c0RUc7Lhj+hoaDkPJiFgLr2LnSPmLhpFEGp4bJ5sCIkLOio0d/JVkCNXgN8VnCdV6f5pfBF/rimPj6PG1epw95BamcUpmlWQeX/weUeCmjP4iJYUH66qmDD7+/qHN3U7MI
3l6Wxm5Fg7rU9BjUbKsVruZ9eH0/wgadx56Ak/p6L0S954b/HpICiWlTydKwYHtRXNeK8u/6pt3phxN/WvYpmoxBeR9UlHR+AE1oT/HnOfCZuPPnBihzrs9SvUTYOuZsz6WjCiXbzE57Go2s1GpJTLMV
CZGJ0lNP+yO72yJ1wXSkOOZ9eH0/wgadx56Ak/p6L0S954b/HpICiWlTydKwYHtRXNeK8u/6pt3phxN/WvYpmoxBeR9UlHR+AE1oT/HjMOeeuPPnBihzrs9SvUTYO+Zsz6WjCiXbzE57Go2s1GpJTLMV
Xx+QQeNI6SwmP8SAPceAtOZ9eH0/wgLJ1pWchPdmHiGspZHuC4IdvhsA1cP8NilMbpmX46e+l5i3hxNjW9xbi41XaBJUlnh7AE1oT/HnOfCZuPPnBihzrs9SvUTYPOZsz6WjCiXbzE57Go2s1GpJTLMV
NaPTlvcUHVk8wBHU5g/UL+Z9eH0/wgLJ1pWchPdmHiGspZHuC4IdvhsA1cP8NilMbpmX46e+l5i3hxNjW9xbi41XaBJUlnh7AE1oT/HjMOeeuPPnBihzrs9SvUTYP+Zsz6WjCiXbzE57Go2s1GpJTLMV
8Ehm8/n3lk7hdKrie5K+Eud9eH0/wgadx56Ak/p6L0S954b/HpICiWlTydKwYHtRXNeK8u/6pt3phxN/WvYpmoxBeR9UlHR+AE1oT/HnOfCZuPPnBihzrs9SvUTYOeFsz6WjCiXbzE57Go2s1GpJTLMV
